<?xml version="1.0" encoding="UTF-8"?>
<testng-results ignored="0" total="1" passed="1" failed="0" skipped="0">
  <reporter-output>
  </reporter-output>
  <suite started-at="2022-09-19T11:15:50 IST" name="Default suite" finished-at="2022-09-19T11:16:12 IST" duration-ms="21166">
    <groups>
    </groups>
    <test started-at="2022-09-19T11:15:50 IST" name="Default test" finished-at="2022-09-19T11:16:12 IST" duration-ms="21166">
      <class name="intro.Signup">
        <test-method signature="sign(java.lang.String,java.lang.String,java.lang.String,java.lang.String,java.lang.String,java.lang.String,java.lang.String)[pri:0, instance:intro.Signup@446293d]" started-at="2022-09-19T11:15:50 IST" name="sign" data-provider="Signup" finished-at="2022-09-19T11:16:12 IST" duration-ms="21089" status="PASS">
          <params>
            <param index="0">
              <value>
                <![CDATA[Renuka]]>
              </value>
            </param>
            <param index="1">
              <value>
                <![CDATA[Shahapeti]]>
              </value>
            </param>
            <param index="2">
              <value>
                <![CDATA[rrs@123]]>
              </value>
            </param>
            <param index="3">
              <value>
                <![CDATA[934t35]]>
              </value>
            </param>
            <param index="4">
              <value>
                <![CDATA[08/20/2000]]>
              </value>
            </param>
            <param index="5">
              <value>
                <![CDATA[9876543214]]>
              </value>
            </param>
            <param index="6">
              <value>
                <![CDATA[Ok]]>
              </value>
            </param>
          </params>
          <reporter-output>
          </reporter-output>
        </test-method> <!-- sign -->
      </class> <!-- intro.Signup -->
    </test> <!-- Default test -->
  </suite> <!-- Default suite -->
</testng-results>
